<?xml version="1.0" encoding="UTF-8"?>
<!-- Generated by org.testng.reporters.JUnitReportReporter -->
<testsuite hostname="NTS-SwatiMungal" failures="0" tests="1" name="excel.ReadData.ReadExcelData" time="1.010" errors="0" timestamp="2022-06-21T12:31:43 IST" skipped="0">
  <testcase classname="excel.ReadData.ReadExcelData" name="writeDatatoTxt" time="1.010"/>
  <system-out/>
</testsuite> <!-- excel.ReadData.ReadExcelData -->
