<?xml version="1.0" encoding="UTF-8"?>
<!-- Generated by org.testng.reporters.JUnitReportReporter -->
<testsuite hostname="NTS-SwatiMungal" failures="0" tests="1" name="ui.LoginTest" time="21.195" errors="0" timestamp="2022-06-10T18:15:05 IST" skipped="0">
  <testcase classname="ui.LoginTest" name="successful_Login_Test" time="21.195"/>
  <system-out/>
</testsuite> <!-- ui.LoginTest -->
