<?xml version="1.0" encoding="UTF-8"?>
<!-- Generated by org.testng.reporters.JUnitReportReporter -->
<testsuite hostname="NTS-SwatiMungal" failures="0" tests="2" name="ui.AccountTest" time="16.725" errors="0" timestamp="2022-06-08T11:04:31 IST" skipped="0">
  <testcase classname="ui.AccountTest" name="Account_Test" time="13.605"/>
  <system-out/>
  <testcase classname="ui.AccountTest" name="logoutTest" time="3.120"/>
  <system-out/>
</testsuite> <!-- ui.AccountTest -->
